# JRE version: Java(TM) SE Runtime Environment (8.0_231-b11) (build 1.8.0_231-b11)
# Java VM: Java HotSpot(TM) 64-Bit Server VM (25.231-b11 mixed mode windows-amd64 compressed oops)
Heap:
 PSYoungGen      total 717824K, used 530371K [0x0000000760000000, 0x00000007a5d00000, 0x00000007c0000000)
  eden space 494080K, 77% used [0x0000000760000000,0x00000007777e2108,0x000000077e280000)
  from space 223744K, 65% used [0x000000077e280000,0x000000078708ed98,0x000000078bd00000)
  to   space 283136K, 0% used [0x0000000794880000,0x0000000794880000,0x00000007a5d00000)
 ParOldGen       total 378880K, used 378439K [0x00000006a0000000, 0x00000006b7200000, 0x0000000760000000)
  object space 378880K, 99% used [0x00000006a0000000,0x00000006b7191e28,0x00000006b7200000)
 Metaspace       used 117254K, capacity 128566K, committed 129536K, reserved 1161216K
  class space    used 15558K, capacity 18453K, committed 18688K, reserved 1048576K
GC Heap History (10 events):
Event: 979.059 GC heap before
{Heap before GC invocations=45 (full 5):
 PSYoungGen      total 594432K, used 594430K [0x0000000760000000, 0x0000000792e80000, 0x00000007c0000000)
  eden space 454144K, 100% used [0x0000000760000000,0x000000077bb80000,0x000000077bb80000)
  from space 140288K, 99% used [0x000000077bb80000,0x000000078447fa80,0x0000000784480000)
  to   space 173056K, 0% used [0x0000000788580000,0x0000000788580000,0x0000000792e80000)
 ParOldGen       total 378880K, used 277557K [0x00000006a0000000, 0x00000006b7200000, 0x0000000760000000)
  object space 378880K, 73% used [0x00000006a0000000,0x00000006b0f0d7b0,0x00000006b7200000)
 Metaspace       used 107696K, capacity 118246K, committed 118528K, reserved 1150976K
  class space    used 14259K, capacity 17027K, committed 17152K, reserved 1048576K
Event: 979.185 GC heap after
Heap after GC invocations=45 (full 5):
 PSYoungGen      total 658432K, used 105565K [0x0000000760000000, 0x0000000793100000, 0x00000007c0000000)
  eden space 485376K, 0% used [0x0000000760000000,0x0000000760000000,0x000000077da00000)
  from space 173056K, 61% used [0x0000000788580000,0x000000078ec976a0,0x0000000792e80000)
  to   space 175616K, 0% used [0x000000077da00000,0x000000077da00000,0x0000000788580000)
 ParOldGen       total 378880K, used 284258K [0x00000006a0000000, 0x00000006b7200000, 0x0000000760000000)
  object space 378880K, 75% used [0x00000006a0000000,0x00000006b1598840,0x00000006b7200000)
 Metaspace       used 107696K, capacity 118246K, committed 118528K, reserved 1150976K
  class space    used 14259K, capacity 17027K, committed 17152K, reserved 1048576K
}
Event: 982.661 GC heap before
{Heap before GC invocations=46 (full 5):
 PSYoungGen      total 658432K, used 590941K [0x0000000760000000, 0x0000000793100000, 0x00000007c0000000)
  eden space 485376K, 100% used [0x0000000760000000,0x000000077da00000,0x000000077da00000)
  from space 173056K, 61% used [0x0000000788580000,0x000000078ec976a0,0x0000000792e80000)
  to   space 175616K, 0% used [0x000000077da00000,0x000000077da00000,0x0000000788580000)
 ParOldGen       total 378880K, used 284258K [0x00000006a0000000, 0x00000006b7200000, 0x0000000760000000)
  object space 378880K, 75% used [0x00000006a0000000,0x00000006b1598840,0x00000006b7200000)
 Metaspace       used 116501K, capacity 128172K, committed 128384K, reserved 1159168K
  class space    used 15580K, capacity 18552K, committed 18560K, reserved 1048576K
Event: 982.767 GC heap after
Heap after GC invocations=46 (full 5):
 PSYoungGen      total 660992K, used 142126K [0x0000000760000000, 0x0000000797700000, 0x00000007c0000000)
  eden space 485376K, 0% used [0x0000000760000000,0x0000000760000000,0x000000077da00000)
  from space 175616K, 80% used [0x000000077da00000,0x00000007864cb960,0x0000000788580000)
  to   space 190464K, 0% used [0x000000078bd00000,0x000000078bd00000,0x0000000797700000)
 ParOldGen       total 378880K, used 284266K [0x00000006a0000000, 0x00000006b7200000, 0x0000000760000000)
  object space 378880K, 75% used [0x00000006a0000000,0x00000006b159a840,0x00000006b7200000)
 Metaspace       used 116501K, capacity 128172K, committed 128384K, reserved 1159168K
  class space    used 15580K, capacity 18552K, committed 18560K, reserved 1048576K
}
Event: 984.018 GC heap before
{Heap before GC invocations=47 (full 5):
 PSYoungGen      total 660992K, used 626995K [0x0000000760000000, 0x0000000797700000, 0x00000007c0000000)
  eden space 485376K, 99% used [0x0000000760000000,0x000000077d981518,0x000000077da00000)
  from space 175616K, 80% used [0x000000077da00000,0x00000007864cb960,0x0000000788580000)
  to   space 190464K, 0% used [0x000000078bd00000,0x000000078bd00000,0x0000000797700000)
 ParOldGen       total 378880K, used 284266K [0x00000006a0000000, 0x00000006b7200000, 0x0000000760000000)
  object space 378880K, 75% used [0x00000006a0000000,0x00000006b159a840,0x00000006b7200000)
 Metaspace       used 116945K, capacity 128554K, committed 128640K, reserved 1159168K
  class space    used 15606K, capacity 18559K, committed 18560K, reserved 1048576K
Event: 984.246 GC heap after
Heap after GC invocations=47 (full 5):
 PSYoungGen      total 684544K, used 190459K [0x0000000760000000, 0x000000079d880000, 0x00000007c0000000)
  eden space 494080K, 0% used [0x0000000760000000,0x0000000760000000,0x000000077e280000)
  from space 190464K, 99% used [0x000000078bd00000,0x00000007976fecc0,0x0000000797700000)
  to   space 223744K, 0% used [0x000000077e280000,0x000000077e280000,0x000000078bd00000)
 ParOldGen       total 378880K, used 294856K [0x00000006a0000000, 0x00000006b7200000, 0x0000000760000000)
  object space 378880K, 77% used [0x00000006a0000000,0x00000006b1ff20c0,0x00000006b7200000)
 Metaspace       used 116945K, capacity 128554K, committed 128640K, reserved 1159168K
  class space    used 15606K, capacity 18559K, committed 18560K, reserved 1048576K
}
Event: 986.015 GC heap before
{Heap before GC invocations=48 (full 5):
 PSYoungGen      total 684544K, used 684539K [0x0000000760000000, 0x000000079d880000, 0x00000007c0000000)
  eden space 494080K, 100% used [0x0000000760000000,0x000000077e280000,0x000000077e280000)
  from space 190464K, 99% used [0x000000078bd00000,0x00000007976fecc0,0x0000000797700000)
  to   space 223744K, 0% used [0x000000077e280000,0x000000077e280000,0x000000078bd00000)
 ParOldGen       total 378880K, used 294856K [0x00000006a0000000, 0x00000006b7200000, 0x0000000760000000)
  object space 378880K, 77% used [0x00000006a0000000,0x00000006b1ff20c0,0x00000006b7200000)
 Metaspace       used 117593K, capacity 129358K, committed 129536K, reserved 1161216K
  class space    used 15684K, capacity 18667K, committed 18688K, reserved 1048576K
Event: 986.267 GC heap after
Heap after GC invocations=48 (full 5):
 PSYoungGen      total 717824K, used 223736K [0x0000000760000000, 0x00000007a5d00000, 0x00000007c0000000)
  eden space 494080K, 0% used [0x0000000760000000,0x0000000760000000,0x000000077e280000)
  from space 223744K, 99% used [0x000000077e280000,0x000000078bcfe018,0x000000078bd00000)
  to   space 283136K, 0% used [0x0000000794880000,0x0000000794880000,0x00000007a5d00000)
 ParOldGen       total 378880K, used 360309K [0x00000006a0000000, 0x00000006b7200000, 0x0000000760000000)
  object space 378880K, 95% used [0x00000006a0000000,0x00000006b5fdd518,0x00000006b7200000)
 Metaspace       used 117593K, capacity 129358K, committed 129536K, reserved 1161216K
  class space    used 15684K, capacity 18667K, committed 18688K, reserved 1048576K
}
Event: 986.268 GC heap before
{Heap before GC invocations=49 (full 6):
 PSYoungGen      total 717824K, used 223736K [0x0000000760000000, 0x00000007a5d00000, 0x00000007c0000000)
  eden space 494080K, 0% used [0x0000000760000000,0x0000000760000000,0x000000077e280000)
  from space 223744K, 99% used [0x000000077e280000,0x000000078bcfe018,0x000000078bd00000)
  to   space 283136K, 0% used [0x0000000794880000,0x0000000794880000,0x00000007a5d00000)
 ParOldGen       total 378880K, used 360309K [0x00000006a0000000, 0x00000006b7200000, 0x0000000760000000)
  object space 378880K, 95% used [0x00000006a0000000,0x00000006b5fdd518,0x00000006b7200000)
 Metaspace       used 117593K, capacity 129358K, committed 129536K, reserved 1161216K
  class space    used 15684K, capacity 18667K, committed 18688K, reserved 1048576K
Event: 992.290 GC heap after
Heap after GC invocations=49 (full 6):
 PSYoungGen      total 717824K, used 145467K [0x0000000760000000, 0x00000007a5d00000, 0x00000007c0000000)
  eden space 494080K, 0% used [0x0000000760000000,0x0000000760000000,0x000000077e280000)
  from space 223744K, 65% used [0x000000077e280000,0x000000078708ed98,0x000000078bd00000)
  to   space 283136K, 0% used [0x0000000794880000,0x0000000794880000,0x00000007a5d00000)
 ParOldGen       total 378880K, used 378439K [0x00000006a0000000, 0x00000006b7200000, 0x0000000760000000)
  object space 378880K, 99% used [0x00000006a0000000,0x00000006b7191e28,0x00000006b7200000)
 Metaspace       used 117245K, capacity 128558K, committed 129536K, reserved 1161216K
  class space    used 15558K, capacity 18453K, committed 18688K, reserved 1048576K
}

