# JRE version: Java(TM) SE Runtime Environment (8.0_231-b11) (build 1.8.0_231-b11)
# Java VM: Java HotSpot(TM) 64-Bit Server VM (25.231-b11 mixed mode windows-amd64 compressed oops)
Heap:
 PSYoungGen      total 267264K, used 10239K [0x0000000760000000, 0x0000000778500000, 0x00000007c0000000)
  eden space 252416K, 4% used [0x0000000760000000,0x00000007609fff70,0x000000076f680000)
  from space 14848K, 0% used [0x000000076f680000,0x000000076f680000,0x0000000770500000)
  to   space 16384K, 0% used [0x0000000777500000,0x0000000777500000,0x0000000778500000)
 ParOldGen       total 67072K, used 40987K [0x00000006a0000000, 0x00000006a4180000, 0x0000000760000000)
  object space 67072K, 61% used [0x00000006a0000000,0x00000006a2806f20,0x00000006a4180000)
 Metaspace       used 56337K, capacity 58370K, committed 59096K, reserved 1099776K
  class space    used 7431K, capacity 7929K, committed 8192K, reserved 1048576K
GC Heap History (10 events):
Event: 53.865 GC heap before
{Heap before GC invocations=12 (full 2):
 PSYoungGen      total 138240K, used 126976K [0x0000000760000000, 0x000000076c600000, 0x00000007c0000000)
  eden space 126976K, 100% used [0x0000000760000000,0x0000000767c00000,0x0000000767c00000)
  from space 11264K, 0% used [0x0000000767c00000,0x0000000767c00000,0x0000000768700000)
  to   space 13824K, 0% used [0x000000076b880000,0x000000076b880000,0x000000076c600000)
 ParOldGen       total 67072K, used 19328K [0x00000006a0000000, 0x00000006a4180000, 0x0000000760000000)
  object space 67072K, 28% used [0x00000006a0000000,0x00000006a12e0080,0x00000006a4180000)
 Metaspace       used 42141K, capacity 43644K, committed 43904K, reserved 1087488K
  class space    used 5795K, capacity 6162K, committed 6272K, reserved 1048576K
Event: 53.876 GC heap after
Heap after GC invocations=12 (full 2):
 PSYoungGen      total 187904K, used 12882K [0x0000000760000000, 0x000000076d780000, 0x00000007c0000000)
  eden space 174080K, 0% used [0x0000000760000000,0x0000000760000000,0x000000076aa00000)
  from space 13824K, 93% used [0x000000076b880000,0x000000076c514998,0x000000076c600000)
  to   space 14848K, 0% used [0x000000076aa00000,0x000000076aa00000,0x000000076b880000)
 ParOldGen       total 67072K, used 19336K [0x00000006a0000000, 0x00000006a4180000, 0x0000000760000000)
  object space 67072K, 28% used [0x00000006a0000000,0x00000006a12e2080,0x00000006a4180000)
 Metaspace       used 42141K, capacity 43644K, committed 43904K, reserved 1087488K
  class space    used 5795K, capacity 6162K, committed 6272K, reserved 1048576K
}
Event: 72.305 GC heap before
{Heap before GC invocations=13 (full 2):
 PSYoungGen      total 187904K, used 186962K [0x0000000760000000, 0x000000076d780000, 0x00000007c0000000)
  eden space 174080K, 100% used [0x0000000760000000,0x000000076aa00000,0x000000076aa00000)
  from space 13824K, 93% used [0x000000076b880000,0x000000076c514998,0x000000076c600000)
  to   space 14848K, 0% used [0x000000076aa00000,0x000000076aa00000,0x000000076b880000)
 ParOldGen       total 67072K, used 19336K [0x00000006a0000000, 0x00000006a4180000, 0x0000000760000000)
  object space 67072K, 28% used [0x00000006a0000000,0x00000006a12e2080,0x00000006a4180000)
 Metaspace       used 43987K, capacity 45636K, committed 45824K, reserved 1089536K
  class space    used 5960K, capacity 6366K, committed 6400K, reserved 1048576K
Event: 72.312 GC heap after
Heap after GC invocations=13 (full 2):
 PSYoungGen      total 188928K, used 3367K [0x0000000760000000, 0x0000000771980000, 0x00000007c0000000)
  eden space 174080K, 0% used [0x0000000760000000,0x0000000760000000,0x000000076aa00000)
  from space 14848K, 22% used [0x000000076aa00000,0x000000076ad49f30,0x000000076b880000)
  to   space 15360K, 0% used [0x0000000770a80000,0x0000000770a80000,0x0000000771980000)
 ParOldGen       total 67072K, used 26573K [0x00000006a0000000, 0x00000006a4180000, 0x0000000760000000)
  object space 67072K, 39% used [0x00000006a0000000,0x00000006a19f3740,0x00000006a4180000)
 Metaspace       used 43987K, capacity 45636K, committed 45824K, reserved 1089536K
  class space    used 5960K, capacity 6366K, committed 6400K, reserved 1048576K
}
Event: 91.393 GC heap before
{Heap before GC invocations=14 (full 2):
 PSYoungGen      total 188928K, used 177447K [0x0000000760000000, 0x0000000771980000, 0x00000007c0000000)
  eden space 174080K, 100% used [0x0000000760000000,0x000000076aa00000,0x000000076aa00000)
  from space 14848K, 22% used [0x000000076aa00000,0x000000076ad49f30,0x000000076b880000)
  to   space 15360K, 0% used [0x0000000770a80000,0x0000000770a80000,0x0000000771980000)
 ParOldGen       total 67072K, used 26573K [0x00000006a0000000, 0x00000006a4180000, 0x0000000760000000)
  object space 67072K, 39% used [0x00000006a0000000,0x00000006a19f3740,0x00000006a4180000)
 Metaspace       used 47822K, capacity 49868K, committed 50048K, reserved 1091584K
  class space    used 6424K, capacity 6948K, committed 7040K, reserved 1048576K
Event: 91.399 GC heap after
Heap after GC invocations=14 (full 2):
 PSYoungGen      total 261632K, used 5344K [0x0000000760000000, 0x0000000771380000, 0x00000007c0000000)
  eden space 252416K, 0% used [0x0000000760000000,0x0000000760000000,0x000000076f680000)
  from space 9216K, 57% used [0x0000000770a80000,0x0000000770fb8180,0x0000000771380000)
  to   space 14848K, 0% used [0x000000076f680000,0x000000076f680000,0x0000000770500000)
 ParOldGen       total 67072K, used 28945K [0x00000006a0000000, 0x00000006a4180000, 0x0000000760000000)
  object space 67072K, 43% used [0x00000006a0000000,0x00000006a1c44690,0x00000006a4180000)
 Metaspace       used 47822K, capacity 49868K, committed 50048K, reserved 1091584K
  class space    used 6424K, capacity 6948K, committed 7040K, reserved 1048576K
}
Event: 92.450 GC heap before
{Heap before GC invocations=15 (full 2):
 PSYoungGen      total 261632K, used 151443K [0x0000000760000000, 0x0000000771380000, 0x00000007c0000000)
  eden space 252416K, 57% used [0x0000000760000000,0x0000000768eacbc8,0x000000076f680000)
  from space 9216K, 57% used [0x0000000770a80000,0x0000000770fb8180,0x0000000771380000)
  to   space 14848K, 0% used [0x000000076f680000,0x000000076f680000,0x0000000770500000)
 ParOldGen       total 67072K, used 28945K [0x00000006a0000000, 0x00000006a4180000, 0x0000000760000000)
  object space 67072K, 43% used [0x00000006a0000000,0x00000006a1c44690,0x00000006a4180000)
 Metaspace       used 56589K, capacity 58964K, committed 59096K, reserved 1099776K
  class space    used 7517K, capacity 8115K, committed 8192K, reserved 1048576K
Event: 92.465 GC heap after
Heap after GC invocations=15 (full 2):
 PSYoungGen      total 267264K, used 14100K [0x0000000760000000, 0x0000000778500000, 0x00000007c0000000)
  eden space 252416K, 0% used [0x0000000760000000,0x0000000760000000,0x000000076f680000)
  from space 14848K, 94% used [0x000000076f680000,0x0000000770445060,0x0000000770500000)
  to   space 16384K, 0% used [0x0000000777500000,0x0000000777500000,0x0000000778500000)
 ParOldGen       total 67072K, used 32348K [0x00000006a0000000, 0x00000006a4180000, 0x0000000760000000)
  object space 67072K, 48% used [0x00000006a0000000,0x00000006a1f973d8,0x00000006a4180000)
 Metaspace       used 56589K, capacity 58964K, committed 59096K, reserved 1099776K
  class space    used 7517K, capacity 8115K, committed 8192K, reserved 1048576K
}
Event: 92.465 GC heap before
{Heap before GC invocations=16 (full 3):
 PSYoungGen      total 267264K, used 14100K [0x0000000760000000, 0x0000000778500000, 0x00000007c0000000)
  eden space 252416K, 0% used [0x0000000760000000,0x0000000760000000,0x000000076f680000)
  from space 14848K, 94% used [0x000000076f680000,0x0000000770445060,0x0000000770500000)
  to   space 16384K, 0% used [0x0000000777500000,0x0000000777500000,0x0000000778500000)
 ParOldGen       total 67072K, used 32348K [0x00000006a0000000, 0x00000006a4180000, 0x0000000760000000)
  object space 67072K, 48% used [0x00000006a0000000,0x00000006a1f973d8,0x00000006a4180000)
 Metaspace       used 56589K, capacity 58964K, committed 59096K, reserved 1099776K
  class space    used 7517K, capacity 8115K, committed 8192K, reserved 1048576K
Event: 92.598 GC heap after
Heap after GC invocations=16 (full 3):
 PSYoungGen      total 267264K, used 0K [0x0000000760000000, 0x0000000778500000, 0x00000007c0000000)
  eden space 252416K, 0% used [0x0000000760000000,0x0000000760000000,0x000000076f680000)
  from space 14848K, 0% used [0x000000076f680000,0x000000076f680000,0x0000000770500000)
  to   space 16384K, 0% used [0x0000000777500000,0x0000000777500000,0x0000000778500000)
 ParOldGen       total 67072K, used 40987K [0x00000006a0000000, 0x00000006a4180000, 0x0000000760000000)
  object space 67072K, 61% used [0x00000006a0000000,0x00000006a2806f20,0x00000006a4180000)
 Metaspace       used 56196K, capacity 58198K, committed 59096K, reserved 1099776K
  class space    used 7414K, capacity 7916K, committed 8192K, reserved 1048576K
}

