# JRE version: Java(TM) SE Runtime Environment (8.0_231-b11) (build 1.8.0_231-b11)
# Java VM: Java HotSpot(TM) 64-Bit Server VM (25.231-b11 mixed mode windows-amd64 compressed oops)
Heap:
 PSYoungGen      total 822272K, used 612789K [0x0000000760000000, 0x000000079ab80000, 0x00000007c0000000)
  eden space 701440K, 74% used [0x0000000760000000,0x000000077fcbfcd8,0x000000078ad00000)
  from space 120832K, 75% used [0x0000000792b80000,0x000000079852d878,0x000000079a180000)
  to   space 129536K, 0% used [0x000000078ad00000,0x000000078ad00000,0x0000000792b80000)
 ParOldGen       total 285696K, used 227480K [0x00000006a0000000, 0x00000006b1700000, 0x0000000760000000)
  object space 285696K, 79% used [0x00000006a0000000,0x00000006ade260a8,0x00000006b1700000)
 Metaspace       used 106321K, capacity 117174K, committed 117376K, reserved 1148928K
  class space    used 14143K, capacity 16969K, committed 17024K, reserved 1048576K
GC Heap History (10 events):
Event: 175.676 GC heap before
{Heap before GC invocations=25 (full 5):
 PSYoungGen      total 553472K, used 537049K [0x0000000760000000, 0x000000078c780000, 0x00000007c0000000)
  eden space 470016K, 100% used [0x0000000760000000,0x000000077cb00000,0x000000077cb00000)
  from space 83456K, 80% used [0x000000077cb00000,0x0000000780c764d8,0x0000000781c80000)
  to   space 91136K, 0% used [0x0000000786e80000,0x0000000786e80000,0x000000078c780000)
 ParOldGen       total 285696K, used 227440K [0x00000006a0000000, 0x00000006b1700000, 0x0000000760000000)
  object space 285696K, 79% used [0x00000006a0000000,0x00000006ade1c0a8,0x00000006b1700000)
 Metaspace       used 99173K, capacity 109636K, committed 109824K, reserved 1142784K
  class space    used 13254K, capacity 16017K, committed 16128K, reserved 1048576K
Event: 175.781 GC heap after
Heap after GC invocations=25 (full 5):
 PSYoungGen      total 631296K, used 65887K [0x0000000760000000, 0x000000078d480000, 0x00000007c0000000)
  eden space 540160K, 0% used [0x0000000760000000,0x0000000760000000,0x0000000780f80000)
  from space 91136K, 72% used [0x0000000786e80000,0x000000078aed7ee8,0x000000078c780000)
  to   space 97280K, 0% used [0x0000000780f80000,0x0000000780f80000,0x0000000786e80000)
 ParOldGen       total 285696K, used 227448K [0x00000006a0000000, 0x00000006b1700000, 0x0000000760000000)
  object space 285696K, 79% used [0x00000006a0000000,0x00000006ade1e0a8,0x00000006b1700000)
 Metaspace       used 99173K, capacity 109636K, committed 109824K, reserved 1142784K
  class space    used 13254K, capacity 16017K, committed 16128K, reserved 1048576K
}
Event: 182.332 GC heap before
{Heap before GC invocations=26 (full 5):
 PSYoungGen      total 631296K, used 605558K [0x0000000760000000, 0x000000078d480000, 0x00000007c0000000)
  eden space 540160K, 99% used [0x0000000760000000,0x0000000780f05ae8,0x0000000780f80000)
  from space 91136K, 72% used [0x0000000786e80000,0x000000078aed7ee8,0x000000078c780000)
  to   space 97280K, 0% used [0x0000000780f80000,0x0000000780f80000,0x0000000786e80000)
 ParOldGen       total 285696K, used 227448K [0x00000006a0000000, 0x00000006b1700000, 0x0000000760000000)
  object space 285696K, 79% used [0x00000006a0000000,0x00000006ade1e0a8,0x00000006b1700000)
 Metaspace       used 99569K, capacity 110128K, committed 110336K, reserved 1142784K
  class space    used 13269K, capacity 16049K, committed 16128K, reserved 1048576K
Event: 182.398 GC heap after
Heap after GC invocations=26 (full 5):
 PSYoungGen      total 637440K, used 66578K [0x0000000760000000, 0x0000000792a00000, 0x00000007c0000000)
  eden space 540160K, 0% used [0x0000000760000000,0x0000000760000000,0x0000000780f80000)
  from space 97280K, 68% used [0x0000000780f80000,0x00000007850848e8,0x0000000786e80000)
  to   space 101888K, 0% used [0x000000078c680000,0x000000078c680000,0x0000000792a00000)
 ParOldGen       total 285696K, used 227456K [0x00000006a0000000, 0x00000006b1700000, 0x0000000760000000)
  object space 285696K, 79% used [0x00000006a0000000,0x00000006ade200a8,0x00000006b1700000)
 Metaspace       used 99569K, capacity 110128K, committed 110336K, reserved 1142784K
  class space    used 13269K, capacity 16049K, committed 16128K, reserved 1048576K
}
Event: 193.014 GC heap before
{Heap before GC invocations=27 (full 5):
 PSYoungGen      total 637440K, used 606738K [0x0000000760000000, 0x0000000792a00000, 0x00000007c0000000)
  eden space 540160K, 100% used [0x0000000760000000,0x0000000780f80000,0x0000000780f80000)
  from space 97280K, 68% used [0x0000000780f80000,0x00000007850848e8,0x0000000786e80000)
  to   space 101888K, 0% used [0x000000078c680000,0x000000078c680000,0x0000000792a00000)
 ParOldGen       total 285696K, used 227456K [0x00000006a0000000, 0x00000006b1700000, 0x0000000760000000)
  object space 285696K, 79% used [0x00000006a0000000,0x00000006ade200a8,0x00000006b1700000)
 Metaspace       used 99881K, capacity 110448K, committed 110592K, reserved 1144832K
  class space    used 13272K, capacity 16049K, committed 16128K, reserved 1048576K
Event: 193.091 GC heap after
Heap after GC invocations=27 (full 5):
 PSYoungGen      total 720384K, used 76686K [0x0000000760000000, 0x0000000793200000, 0x00000007c0000000)
  eden space 618496K, 0% used [0x0000000760000000,0x0000000760000000,0x0000000785c00000)
  from space 101888K, 75% used [0x000000078c680000,0x00000007911638d8,0x0000000792a00000)
  to   space 109056K, 0% used [0x0000000785c00000,0x0000000785c00000,0x000000078c680000)
 ParOldGen       total 285696K, used 227464K [0x00000006a0000000, 0x00000006b1700000, 0x0000000760000000)
  object space 285696K, 79% used [0x00000006a0000000,0x00000006ade220a8,0x00000006b1700000)
 Metaspace       used 99881K, capacity 110448K, committed 110592K, reserved 1144832K
  class space    used 13272K, capacity 16049K, committed 16128K, reserved 1048576K
}
Event: 201.932 GC heap before
{Heap before GC invocations=28 (full 5):
 PSYoungGen      total 720384K, used 695182K [0x0000000760000000, 0x0000000793200000, 0x00000007c0000000)
  eden space 618496K, 100% used [0x0000000760000000,0x0000000785c00000,0x0000000785c00000)
  from space 101888K, 75% used [0x000000078c680000,0x00000007911638d8,0x0000000792a00000)
  to   space 109056K, 0% used [0x0000000785c00000,0x0000000785c00000,0x000000078c680000)
 ParOldGen       total 285696K, used 227464K [0x00000006a0000000, 0x00000006b1700000, 0x0000000760000000)
  object space 285696K, 79% used [0x00000006a0000000,0x00000006ade220a8,0x00000006b1700000)
 Metaspace       used 100089K, capacity 110600K, committed 110848K, reserved 1144832K
  class space    used 13272K, capacity 16049K, committed 16128K, reserved 1048576K
Event: 202.035 GC heap after
Heap after GC invocations=28 (full 5):
 PSYoungGen      total 727552K, used 94177K [0x0000000760000000, 0x000000079a180000, 0x00000007c0000000)
  eden space 618496K, 0% used [0x0000000760000000,0x0000000760000000,0x0000000785c00000)
  from space 109056K, 86% used [0x0000000785c00000,0x000000078b7f8400,0x000000078c680000)
  to   space 120832K, 0% used [0x0000000792b80000,0x0000000792b80000,0x000000079a180000)
 ParOldGen       total 285696K, used 227472K [0x00000006a0000000, 0x00000006b1700000, 0x0000000760000000)
  object space 285696K, 79% used [0x00000006a0000000,0x00000006ade240a8,0x00000006b1700000)
 Metaspace       used 100089K, capacity 110600K, committed 110848K, reserved 1144832K
  class space    used 13272K, capacity 16049K, committed 16128K, reserved 1048576K
}
Event: 220.351 GC heap before
{Heap before GC invocations=29 (full 5):
 PSYoungGen      total 727552K, used 712673K [0x0000000760000000, 0x000000079a180000, 0x00000007c0000000)
  eden space 618496K, 100% used [0x0000000760000000,0x0000000785c00000,0x0000000785c00000)
  from space 109056K, 86% used [0x0000000785c00000,0x000000078b7f8400,0x000000078c680000)
  to   space 120832K, 0% used [0x0000000792b80000,0x0000000792b80000,0x000000079a180000)
 ParOldGen       total 285696K, used 227472K [0x00000006a0000000, 0x00000006b1700000, 0x0000000760000000)
  object space 285696K, 79% used [0x00000006a0000000,0x00000006ade240a8,0x00000006b1700000)
 Metaspace       used 105521K, capacity 116420K, committed 116480K, reserved 1148928K
  class space    used 14063K, capacity 16883K, committed 16896K, reserved 1048576K
Event: 220.460 GC heap after
Heap after GC invocations=29 (full 5):
 PSYoungGen      total 822272K, used 91830K [0x0000000760000000, 0x000000079ab80000, 0x00000007c0000000)
  eden space 701440K, 0% used [0x0000000760000000,0x0000000760000000,0x000000078ad00000)
  from space 120832K, 75% used [0x0000000792b80000,0x000000079852d878,0x000000079a180000)
  to   space 129536K, 0% used [0x000000078ad00000,0x000000078ad00000,0x0000000792b80000)
 ParOldGen       total 285696K, used 227480K [0x00000006a0000000, 0x00000006b1700000, 0x0000000760000000)
  object space 285696K, 79% used [0x00000006a0000000,0x00000006ade260a8,0x00000006b1700000)
 Metaspace       used 105521K, capacity 116420K, committed 116480K, reserved 1148928K
  class space    used 14063K, capacity 16883K, committed 16896K, reserved 1048576K
}

