# JRE version: Java(TM) SE Runtime Environment (8.0_231-b11) (build 1.8.0_231-b11)
# Java VM: Java HotSpot(TM) 64-Bit Server VM (25.231-b11 mixed mode windows-amd64 compressed oops)
Heap:
 PSYoungGen      total 146432K, used 5552K [0x00000000d6500000, 0x00000000e0a80000, 0x0000000100000000)
  eden space 131072K, 4% used [0x00000000d6500000,0x00000000d6a6c060,0x00000000de500000)
  from space 15360K, 0% used [0x00000000dfb80000,0x00000000dfb80000,0x00000000e0a80000)
  to   space 5120K, 0% used [0x00000000de500000,0x00000000de500000,0x00000000dea00000)
 ParOldGen       total 112128K, used 27357K [0x0000000082e00000, 0x0000000089b80000, 0x00000000d6500000)
  object space 112128K, 24% used [0x0000000082e00000,0x00000000848b7458,0x0000000089b80000)
 Metaspace       used 43953K, capacity 44802K, committed 45056K, reserved 1089536K
  class space    used 5843K, capacity 6036K, committed 6144K, reserved 1048576K
GC Heap History (10 events):
Event: 1.496 GC heap before
{Heap before GC invocations=5 (full 1):
 PSYoungGen      total 70656K, used 65536K [0x00000000d6500000, 0x00000000def00000, 0x0000000100000000)
  eden space 65536K, 100% used [0x00000000d6500000,0x00000000da500000,0x00000000da500000)
  from space 5120K, 0% used [0x00000000da500000,0x00000000da500000,0x00000000daa00000)
  to   space 5120K, 0% used [0x00000000dea00000,0x00000000dea00000,0x00000000def00000)
 ParOldGen       total 64512K, used 8673K [0x0000000082e00000, 0x0000000086d00000, 0x00000000d6500000)
  object space 64512K, 13% used [0x0000000082e00000,0x0000000083678570,0x0000000086d00000)
 Metaspace       used 29383K, capacity 29924K, committed 30208K, reserved 1075200K
  class space    used 3869K, capacity 4016K, committed 4096K, reserved 1048576K
Event: 1.507 GC heap after
Heap after GC invocations=5 (full 1):
 PSYoungGen      total 100352K, used 5116K [0x00000000d6500000, 0x00000000def00000, 0x0000000100000000)
  eden space 95232K, 0% used [0x00000000d6500000,0x00000000d6500000,0x00000000dc200000)
  from space 5120K, 99% used [0x00000000dea00000,0x00000000deeff1d0,0x00000000def00000)
  to   space 5120K, 0% used [0x00000000de500000,0x00000000de500000,0x00000000dea00000)
 ParOldGen       total 64512K, used 19821K [0x0000000082e00000, 0x0000000086d00000, 0x00000000d6500000)
  object space 64512K, 30% used [0x0000000082e00000,0x000000008415b5f0,0x0000000086d00000)
 Metaspace       used 29383K, capacity 29924K, committed 30208K, reserved 1075200K
  class space    used 3869K, capacity 4016K, committed 4096K, reserved 1048576K
}
Event: 1.814 GC heap before
{Heap before GC invocations=6 (full 1):
 PSYoungGen      total 100352K, used 33947K [0x00000000d6500000, 0x00000000def00000, 0x0000000100000000)
  eden space 95232K, 30% used [0x00000000d6500000,0x00000000d8127d18,0x00000000dc200000)
  from space 5120K, 99% used [0x00000000dea00000,0x00000000deeff1d0,0x00000000def00000)
  to   space 5120K, 0% used [0x00000000de500000,0x00000000de500000,0x00000000dea00000)
 ParOldGen       total 64512K, used 19821K [0x0000000082e00000, 0x0000000086d00000, 0x00000000d6500000)
  object space 64512K, 30% used [0x0000000082e00000,0x000000008415b5f0,0x0000000086d00000)
 Metaspace       used 34761K, capacity 35274K, committed 35456K, reserved 1079296K
  class space    used 4563K, capacity 4690K, committed 4736K, reserved 1048576K
Event: 1.821 GC heap after
Heap after GC invocations=6 (full 1):
 PSYoungGen      total 136192K, used 5103K [0x00000000d6500000, 0x00000000e0a80000, 0x0000000100000000)
  eden space 131072K, 0% used [0x00000000d6500000,0x00000000d6500000,0x00000000de500000)
  from space 5120K, 99% used [0x00000000de500000,0x00000000de9fbcf8,0x00000000dea00000)
  to   space 15360K, 0% used [0x00000000dfb80000,0x00000000dfb80000,0x00000000e0a80000)
 ParOldGen       total 64512K, used 26335K [0x0000000082e00000, 0x0000000086d00000, 0x00000000d6500000)
  object space 64512K, 40% used [0x0000000082e00000,0x00000000847b7e78,0x0000000086d00000)
 Metaspace       used 34761K, capacity 35274K, committed 35456K, reserved 1079296K
  class space    used 4563K, capacity 4690K, committed 4736K, reserved 1048576K
}
Event: 1.821 GC heap before
{Heap before GC invocations=7 (full 2):
 PSYoungGen      total 136192K, used 5103K [0x00000000d6500000, 0x00000000e0a80000, 0x0000000100000000)
  eden space 131072K, 0% used [0x00000000d6500000,0x00000000d6500000,0x00000000de500000)
  from space 5120K, 99% used [0x00000000de500000,0x00000000de9fbcf8,0x00000000dea00000)
  to   space 15360K, 0% used [0x00000000dfb80000,0x00000000dfb80000,0x00000000e0a80000)
 ParOldGen       total 64512K, used 26335K [0x0000000082e00000, 0x0000000086d00000, 0x00000000d6500000)
  object space 64512K, 40% used [0x0000000082e00000,0x00000000847b7e78,0x0000000086d00000)
 Metaspace       used 34761K, capacity 35274K, committed 35456K, reserved 1079296K
  class space    used 4563K, capacity 4690K, committed 4736K, reserved 1048576K
Event: 1.858 GC heap after
Heap after GC invocations=7 (full 2):
 PSYoungGen      total 136192K, used 0K [0x00000000d6500000, 0x00000000e0a80000, 0x0000000100000000)
  eden space 131072K, 0% used [0x00000000d6500000,0x00000000d6500000,0x00000000de500000)
  from space 5120K, 0% used [0x00000000de500000,0x00000000de500000,0x00000000dea00000)
  to   space 15360K, 0% used [0x00000000dfb80000,0x00000000dfb80000,0x00000000e0a80000)
 ParOldGen       total 112128K, used 19200K [0x0000000082e00000, 0x0000000089b80000, 0x00000000d6500000)
  object space 112128K, 17% used [0x0000000082e00000,0x00000000840c02b8,0x0000000089b80000)
 Metaspace       used 34761K, capacity 35274K, committed 35456K, reserved 1079296K
  class space    used 4563K, capacity 4690K, committed 4736K, reserved 1048576K
}
Event: 2.531 GC heap before
{Heap before GC invocations=8 (full 2):
 PSYoungGen      total 136192K, used 71021K [0x00000000d6500000, 0x00000000e0a80000, 0x0000000100000000)
  eden space 131072K, 54% used [0x00000000d6500000,0x00000000daa5b4b8,0x00000000de500000)
  from space 5120K, 0% used [0x00000000de500000,0x00000000de500000,0x00000000dea00000)
  to   space 15360K, 0% used [0x00000000dfb80000,0x00000000dfb80000,0x00000000e0a80000)
 ParOldGen       total 112128K, used 19200K [0x0000000082e00000, 0x0000000089b80000, 0x00000000d6500000)
  object space 112128K, 17% used [0x0000000082e00000,0x00000000840c02b8,0x0000000089b80000)
 Metaspace       used 43564K, capacity 44344K, committed 44416K, reserved 1091584K
  class space    used 5779K, capacity 5995K, committed 6016K, reserved 1048576K
Event: 2.540 GC heap after
Heap after GC invocations=8 (full 2):
 PSYoungGen      total 146432K, used 13891K [0x00000000d6500000, 0x00000000e0a80000, 0x0000000100000000)
  eden space 131072K, 0% used [0x00000000d6500000,0x00000000d6500000,0x00000000de500000)
  from space 15360K, 90% used [0x00000000dfb80000,0x00000000e0910df0,0x00000000e0a80000)
  to   space 5120K, 0% used [0x00000000de500000,0x00000000de500000,0x00000000dea00000)
 ParOldGen       total 112128K, used 19293K [0x0000000082e00000, 0x0000000089b80000, 0x00000000d6500000)
  object space 112128K, 17% used [0x0000000082e00000,0x00000000840d7668,0x0000000089b80000)
 Metaspace       used 43564K, capacity 44344K, committed 44416K, reserved 1091584K
  class space    used 5779K, capacity 5995K, committed 6016K, reserved 1048576K
}
Event: 2.540 GC heap before
{Heap before GC invocations=9 (full 3):
 PSYoungGen      total 146432K, used 13891K [0x00000000d6500000, 0x00000000e0a80000, 0x0000000100000000)
  eden space 131072K, 0% used [0x00000000d6500000,0x00000000d6500000,0x00000000de500000)
  from space 15360K, 90% used [0x00000000dfb80000,0x00000000e0910df0,0x00000000e0a80000)
  to   space 5120K, 0% used [0x00000000de500000,0x00000000de500000,0x00000000dea00000)
 ParOldGen       total 112128K, used 19293K [0x0000000082e00000, 0x0000000089b80000, 0x00000000d6500000)
  object space 112128K, 17% used [0x0000000082e00000,0x00000000840d7668,0x0000000089b80000)
 Metaspace       used 43564K, capacity 44344K, committed 44416K, reserved 1091584K
  class space    used 5779K, capacity 5995K, committed 6016K, reserved 1048576K
Event: 2.633 GC heap after
Heap after GC invocations=9 (full 3):
 PSYoungGen      total 146432K, used 0K [0x00000000d6500000, 0x00000000e0a80000, 0x0000000100000000)
  eden space 131072K, 0% used [0x00000000d6500000,0x00000000d6500000,0x00000000de500000)
  from space 15360K, 0% used [0x00000000dfb80000,0x00000000dfb80000,0x00000000e0a80000)
  to   space 5120K, 0% used [0x00000000de500000,0x00000000de500000,0x00000000dea00000)
 ParOldGen       total 112128K, used 27357K [0x0000000082e00000, 0x0000000089b80000, 0x00000000d6500000)
  object space 112128K, 24% used [0x0000000082e00000,0x00000000848b7458,0x0000000089b80000)
 Metaspace       used 43564K, capacity 44344K, committed 44416K, reserved 1089536K
  class space    used 5779K, capacity 5995K, committed 6016K, reserved 1048576K
}

