# JRE version: Java(TM) SE Runtime Environment (8.0_231-b11) (build 1.8.0_231-b11)
# Java VM: Java HotSpot(TM) 64-Bit Server VM (25.231-b11 mixed mode windows-amd64 compressed oops)
Heap:
 PSYoungGen      total 496128K, used 197738K [0x0000000760000000, 0x0000000784400000, 0x00000007c0000000)
  eden space 429568K, 38% used [0x0000000760000000,0x000000076a332f60,0x000000077a380000)
  from space 66560K, 46% used [0x000000077ed00000,0x0000000780ae7b68,0x0000000782e00000)
  to   space 75264K, 0% used [0x000000077a380000,0x000000077a380000,0x000000077ed00000)
 ParOldGen       total 310784K, used 189020K [0x00000006a0000000, 0x00000006b2f80000, 0x0000000760000000)
  object space 310784K, 60% used [0x00000006a0000000,0x00000006ab897148,0x00000006b2f80000)
 Metaspace       used 85481K, capacity 96698K, committed 96768K, reserved 1130496K
  class space    used 11959K, capacity 15353K, committed 15360K, reserved 1048576K
GC Heap History (10 events):
Event: 89.462 GC heap before
{Heap before GC invocations=17 (full 3):
 PSYoungGen      total 281088K, used 281056K [0x0000000760000000, 0x000000077ab00000, 0x00000007c0000000)
  eden space 261120K, 100% used [0x0000000760000000,0x000000076ff00000,0x000000076ff00000)
  from space 19968K, 99% used [0x000000076ff00000,0x0000000771278040,0x0000000771280000)
  to   space 33792K, 0% used [0x0000000778a00000,0x0000000778a00000,0x000000077ab00000)
 ParOldGen       total 99840K, used 68574K [0x00000006a0000000, 0x00000006a6180000, 0x0000000760000000)
  object space 99840K, 68% used [0x00000006a0000000,0x00000006a42f7810,0x00000006a6180000)
 Metaspace       used 70620K, capacity 78432K, committed 78592K, reserved 1116160K
  class space    used 10139K, capacity 12498K, committed 12544K, reserved 1048576K
Event: 89.497 GC heap after
Heap after GC invocations=17 (full 3):
 PSYoungGen      total 389632K, used 33791K [0x0000000760000000, 0x000000077c300000, 0x00000007c0000000)
  eden space 355840K, 0% used [0x0000000760000000,0x0000000760000000,0x0000000775b80000)
  from space 33792K, 99% used [0x0000000778a00000,0x000000077aaffc78,0x000000077ab00000)
  to   space 47616K, 0% used [0x0000000775b80000,0x0000000775b80000,0x0000000778a00000)
 ParOldGen       total 99840K, used 91231K [0x00000006a0000000, 0x00000006a6180000, 0x0000000760000000)
  object space 99840K, 91% used [0x00000006a0000000,0x00000006a5917f38,0x00000006a6180000)
 Metaspace       used 70620K, capacity 78432K, committed 78592K, reserved 1116160K
  class space    used 10139K, capacity 12498K, committed 12544K, reserved 1048576K
}
Event: 89.497 GC heap before
{Heap before GC invocations=18 (full 4):
 PSYoungGen      total 389632K, used 33791K [0x0000000760000000, 0x000000077c300000, 0x00000007c0000000)
  eden space 355840K, 0% used [0x0000000760000000,0x0000000760000000,0x0000000775b80000)
  from space 33792K, 99% used [0x0000000778a00000,0x000000077aaffc78,0x000000077ab00000)
  to   space 47616K, 0% used [0x0000000775b80000,0x0000000775b80000,0x0000000778a00000)
 ParOldGen       total 99840K, used 91231K [0x00000006a0000000, 0x00000006a6180000, 0x0000000760000000)
  object space 99840K, 91% used [0x00000006a0000000,0x00000006a5917f38,0x00000006a6180000)
 Metaspace       used 70620K, capacity 78432K, committed 78592K, reserved 1116160K
  class space    used 10139K, capacity 12498K, committed 12544K, reserved 1048576K
Event: 89.945 GC heap after
Heap after GC invocations=18 (full 4):
 PSYoungGen      total 389632K, used 21188K [0x0000000760000000, 0x000000077c300000, 0x00000007c0000000)
  eden space 355840K, 0% used [0x0000000760000000,0x0000000760000000,0x0000000775b80000)
  from space 33792K, 62% used [0x0000000778a00000,0x0000000779eb1318,0x000000077ab00000)
  to   space 47616K, 0% used [0x0000000775b80000,0x0000000775b80000,0x0000000778a00000)
 ParOldGen       total 189440K, used 99816K [0x00000006a0000000, 0x00000006ab900000, 0x0000000760000000)
  object space 189440K, 52% used [0x00000006a0000000,0x00000006a617a280,0x00000006ab900000)
 Metaspace       used 70620K, capacity 78432K, committed 78592K, reserved 1116160K
  class space    used 10139K, capacity 12498K, committed 12544K, reserved 1048576K
}
Event: 404.155 GC heap before
{Heap before GC invocations=19 (full 4):
 PSYoungGen      total 389632K, used 377028K [0x0000000760000000, 0x000000077c300000, 0x00000007c0000000)
  eden space 355840K, 100% used [0x0000000760000000,0x0000000775b80000,0x0000000775b80000)
  from space 33792K, 62% used [0x0000000778a00000,0x0000000779eb1318,0x000000077ab00000)
  to   space 47616K, 0% used [0x0000000775b80000,0x0000000775b80000,0x0000000778a00000)
 ParOldGen       total 189440K, used 99816K [0x00000006a0000000, 0x00000006ab900000, 0x0000000760000000)
  object space 189440K, 52% used [0x00000006a0000000,0x00000006a617a280,0x00000006ab900000)
 Metaspace       used 77942K, capacity 88390K, committed 88576K, reserved 1124352K
  class space    used 11037K, capacity 14245K, committed 14336K, reserved 1048576K
Event: 404.226 GC heap after
Heap after GC invocations=19 (full 4):
 PSYoungGen      total 403456K, used 47584K [0x0000000760000000, 0x0000000782e00000, 0x00000007c0000000)
  eden space 355840K, 0% used [0x0000000760000000,0x0000000760000000,0x0000000775b80000)
  from space 47616K, 99% used [0x0000000775b80000,0x00000007789f82b0,0x0000000778a00000)
  to   space 66560K, 0% used [0x000000077ed00000,0x000000077ed00000,0x0000000782e00000)
 ParOldGen       total 189440K, used 128985K [0x00000006a0000000, 0x00000006ab900000, 0x0000000760000000)
  object space 189440K, 68% used [0x00000006a0000000,0x00000006a7df67d0,0x00000006ab900000)
 Metaspace       used 77942K, capacity 88390K, committed 88576K, reserved 1124352K
  class space    used 11037K, capacity 14245K, committed 14336K, reserved 1048576K
}
Event: 409.629 GC heap before
{Heap before GC invocations=20 (full 4):
 PSYoungGen      total 403456K, used 403424K [0x0000000760000000, 0x0000000782e00000, 0x00000007c0000000)
  eden space 355840K, 100% used [0x0000000760000000,0x0000000775b80000,0x0000000775b80000)
  from space 47616K, 99% used [0x0000000775b80000,0x00000007789f82b0,0x0000000778a00000)
  to   space 66560K, 0% used [0x000000077ed00000,0x000000077ed00000,0x0000000782e00000)
 ParOldGen       total 189440K, used 128985K [0x00000006a0000000, 0x00000006ab900000, 0x0000000760000000)
  object space 189440K, 68% used [0x00000006a0000000,0x00000006a7df67d0,0x00000006ab900000)
 Metaspace       used 85151K, capacity 96230K, committed 96512K, reserved 1130496K
  class space    used 11910K, capacity 15288K, committed 15360K, reserved 1048576K
Event: 409.733 GC heap after
Heap after GC invocations=20 (full 4):
 PSYoungGen      total 496128K, used 58121K [0x0000000760000000, 0x0000000784400000, 0x00000007c0000000)
  eden space 429568K, 0% used [0x0000000760000000,0x0000000760000000,0x000000077a380000)
  from space 66560K, 87% used [0x000000077ed00000,0x00000007825c24e0,0x0000000782e00000)
  to   space 75264K, 0% used [0x000000077a380000,0x000000077a380000,0x000000077ed00000)
 ParOldGen       total 189440K, used 176100K [0x00000006a0000000, 0x00000006ab900000, 0x0000000760000000)
  object space 189440K, 92% used [0x00000006a0000000,0x00000006aabf9088,0x00000006ab900000)
 Metaspace       used 85151K, capacity 96230K, committed 96512K, reserved 1130496K
  class space    used 11910K, capacity 15288K, committed 15360K, reserved 1048576K
}
Event: 409.733 GC heap before
{Heap before GC invocations=21 (full 5):
 PSYoungGen      total 496128K, used 58121K [0x0000000760000000, 0x0000000784400000, 0x00000007c0000000)
  eden space 429568K, 0% used [0x0000000760000000,0x0000000760000000,0x000000077a380000)
  from space 66560K, 87% used [0x000000077ed00000,0x00000007825c24e0,0x0000000782e00000)
  to   space 75264K, 0% used [0x000000077a380000,0x000000077a380000,0x000000077ed00000)
 ParOldGen       total 189440K, used 176100K [0x00000006a0000000, 0x00000006ab900000, 0x0000000760000000)
  object space 189440K, 92% used [0x00000006a0000000,0x00000006aabf9088,0x00000006ab900000)
 Metaspace       used 85151K, capacity 96230K, committed 96512K, reserved 1130496K
  class space    used 11910K, capacity 15288K, committed 15360K, reserved 1048576K
Event: 410.831 GC heap after
Heap after GC invocations=21 (full 5):
 PSYoungGen      total 496128K, used 30622K [0x0000000760000000, 0x0000000784400000, 0x00000007c0000000)
  eden space 429568K, 0% used [0x0000000760000000,0x0000000760000000,0x000000077a380000)
  from space 66560K, 46% used [0x000000077ed00000,0x0000000780ae7b68,0x0000000782e00000)
  to   space 75264K, 0% used [0x000000077a380000,0x000000077a380000,0x000000077ed00000)
 ParOldGen       total 310784K, used 189020K [0x00000006a0000000, 0x00000006b2f80000, 0x0000000760000000)
  object space 310784K, 60% used [0x00000006a0000000,0x00000006ab897148,0x00000006b2f80000)
 Metaspace       used 85132K, capacity 96170K, committed 96512K, reserved 1130496K
  class space    used 11904K, capacity 15278K, committed 15360K, reserved 1048576K
}

